2025-11-10 01:16:05,787 - INFO - Ingesting 18 sector ETFs...
2025-11-10 01:16:07,357 - ERROR - ✗ SPY: Not implemented Error: Unable to transform python value of type '<class 'pandas.core.series.Series'>' to DuckDB LogicalType
2025-11-10 01:16:07,767 - ERROR - ✗ QQQ: Not implemented Error: Unable to transform python value of type '<class 'pandas.core.series.Series'>' to DuckDB LogicalType
2025-11-10 01:16:08,216 - ERROR - ✗ IWM: Not implemented Error: Unable to transform python value of type '<class 'pandas.core.series.Series'>' to DuckDB LogicalType
2025-11-10 01:16:08,740 - ERROR - ✗ DIA: Not implemented Error: Unable to transform python value of type '<class 'pandas.core.series.Series'>' to DuckDB LogicalType
2025-11-10 01:16:09,001 - ERROR - ✗ GLD: Not implemented Error: Unable to transform python value of type '<class 'pandas.core.series.Series'>' to DuckDB LogicalType
2025-11-10 01:16:09,276 - ERROR - ✗ SLV: Not implemented Error: Unable to transform python value of type '<class 'pandas.core.series.Series'>' to DuckDB LogicalType
2025-11-10 01:16:09,577 - ERROR - ✗ VXX: Not implemented Error: Unable to transform python value of type '<class 'pandas.core.series.Series'>' to DuckDB LogicalType
2025-11-10 01:16:09,974 - ERROR - ✗ XLP: Not implemented Error: Unable to transform python value of type '<class 'pandas.core.series.Series'>' to DuckDB LogicalType
2025-11-10 01:16:10,346 - ERROR - ✗ XLB: Not implemented Error: Unable to transform python value of type '<class 'pandas.core.series.Series'>' to DuckDB LogicalType
2025-11-10 01:16:10,836 - ERROR - ✗ XLV: Not implemented Error: Unable to transform python value of type '<class 'pandas.core.series.Series'>' to DuckDB LogicalType
2025-11-10 01:16:11,207 - ERROR - ✗ XLRE: Not implemented Error: Unable to transform python value of type '<class 'pandas.core.series.Series'>' to DuckDB LogicalType
2025-11-10 01:16:11,561 - ERROR - ✗ XLK: Not implemented Error: Unable to transform python value of type '<class 'pandas.core.series.Series'>' to DuckDB LogicalType
2025-11-10 01:16:11,951 - ERROR - ✗ XLF: Not implemented Error: Unable to transform python value of type '<class 'pandas.core.series.Series'>' to DuckDB LogicalType
2025-11-10 01:16:12,391 - ERROR - ✗ XLI: Not implemented Error: Unable to transform python value of type '<class 'pandas.core.series.Series'>' to DuckDB LogicalType
2025-11-10 01:16:12,761 - ERROR - ✗ XLY: Not implemented Error: Unable to transform python value of type '<class 'pandas.core.series.Series'>' to DuckDB LogicalType
2025-11-10 01:16:13,141 - ERROR - ✗ XLC: Not implemented Error: Unable to transform python value of type '<class 'pandas.core.series.Series'>' to DuckDB LogicalType
2025-11-10 01:16:13,499 - ERROR - ✗ XLU: Not implemented Error: Unable to transform python value of type '<class 'pandas.core.series.Series'>' to DuckDB LogicalType
2025-11-10 01:16:13,826 - ERROR - ✗ XME: Not implemented Error: Unable to transform python value of type '<class 'pandas.core.series.Series'>' to DuckDB LogicalType
2025-11-10 01:16:13,831 - INFO - Snapshot ingestion complete
2025-11-10 01:16:55,407 - INFO - Ingesting 18 sector ETFs...
2025-11-10 01:16:56,964 - ERROR - ✗ SPY: Not implemented Error: Unable to transform python value of type '<class 'pandas.core.series.Series'>' to DuckDB LogicalType
2025-11-10 01:16:57,236 - ERROR - ✗ QQQ: Not implemented Error: Unable to transform python value of type '<class 'pandas.core.series.Series'>' to DuckDB LogicalType
2025-11-10 01:16:57,506 - ERROR - ✗ IWM: Not implemented Error: Unable to transform python value of type '<class 'pandas.core.series.Series'>' to DuckDB LogicalType
2025-11-10 01:16:57,768 - ERROR - ✗ DIA: Not implemented Error: Unable to transform python value of type '<class 'pandas.core.series.Series'>' to DuckDB LogicalType
2025-11-10 01:16:58,281 - ERROR - ✗ GLD: Not implemented Error: Unable to transform python value of type '<class 'pandas.core.series.Series'>' to DuckDB LogicalType
2025-11-10 01:16:58,486 - ERROR - ✗ SLV: Not implemented Error: Unable to transform python value of type '<class 'pandas.core.series.Series'>' to DuckDB LogicalType
2025-11-10 01:16:58,695 - ERROR - ✗ VXX: Not implemented Error: Unable to transform python value of type '<class 'pandas.core.series.Series'>' to DuckDB LogicalType
2025-11-10 01:16:58,955 - ERROR - ✗ XLP: Not implemented Error: Unable to transform python value of type '<class 'pandas.core.series.Series'>' to DuckDB LogicalType
2025-11-10 01:16:59,362 - ERROR - ✗ XLB: Not implemented Error: Unable to transform python value of type '<class 'pandas.core.series.Series'>' to DuckDB LogicalType
2025-11-10 01:16:59,601 - ERROR - ✗ XLV: Not implemented Error: Unable to transform python value of type '<class 'pandas.core.series.Series'>' to DuckDB LogicalType
2025-11-10 01:16:59,850 - ERROR - ✗ XLRE: Not implemented Error: Unable to transform python value of type '<class 'pandas.core.series.Series'>' to DuckDB LogicalType
2025-11-10 01:17:00,117 - ERROR - ✗ XLK: Not implemented Error: Unable to transform python value of type '<class 'pandas.core.series.Series'>' to DuckDB LogicalType
2025-11-10 01:17:00,386 - ERROR - ✗ XLF: Not implemented Error: Unable to transform python value of type '<class 'pandas.core.series.Series'>' to DuckDB LogicalType
2025-11-10 01:17:00,643 - ERROR - ✗ XLI: Not implemented Error: Unable to transform python value of type '<class 'pandas.core.series.Series'>' to DuckDB LogicalType
2025-11-10 01:17:01,047 - ERROR - ✗ XLY: Not implemented Error: Unable to transform python value of type '<class 'pandas.core.series.Series'>' to DuckDB LogicalType
2025-11-10 01:17:01,256 - ERROR - ✗ XLC: Not implemented Error: Unable to transform python value of type '<class 'pandas.core.series.Series'>' to DuckDB LogicalType
2025-11-10 01:17:01,515 - ERROR - ✗ XLU: Not implemented Error: Unable to transform python value of type '<class 'pandas.core.series.Series'>' to DuckDB LogicalType
2025-11-10 01:17:01,890 - ERROR - ✗ XME: Not implemented Error: Unable to transform python value of type '<class 'pandas.core.series.Series'>' to DuckDB LogicalType
2025-11-10 01:17:01,895 - INFO - Snapshot ingestion complete
2025-11-10 01:21:56,304 - INFO - Ingesting 18 sector ETFs...
2025-11-10 01:22:00,947 - INFO - ✓ SPY: 502 candles ingested
2025-11-10 01:22:05,421 - INFO - ✓ QQQ: 502 candles ingested
2025-11-10 01:22:09,844 - INFO - ✓ IWM: 502 candles ingested
2025-11-10 01:22:14,902 - INFO - ✓ DIA: 502 candles ingested
2025-11-10 01:22:19,635 - INFO - ✓ GLD: 502 candles ingested
2025-11-10 01:22:24,631 - INFO - ✓ SLV: 502 candles ingested
2025-11-10 01:22:28,949 - INFO - ✓ VXX: 502 candles ingested
2025-11-10 01:22:32,671 - INFO - ✓ XLP: 502 candles ingested
2025-11-10 01:22:36,806 - INFO - ✓ XLB: 502 candles ingested
2025-11-10 01:22:40,653 - INFO - ✓ XLV: 502 candles ingested
2025-11-10 01:22:44,911 - INFO - ✓ XLRE: 502 candles ingested
2025-11-10 01:22:48,798 - INFO - ✓ XLK: 502 candles ingested
2025-11-10 01:22:52,584 - INFO - ✓ XLF: 502 candles ingested
2025-11-10 01:22:56,806 - INFO - ✓ XLI: 502 candles ingested
2025-11-10 01:23:00,916 - INFO - ✓ XLY: 502 candles ingested
2025-11-10 01:23:05,090 - INFO - ✓ XLC: 502 candles ingested
2025-11-10 01:23:09,621 - INFO - ✓ XLU: 502 candles ingested
2025-11-10 01:23:13,615 - INFO - ✓ XME: 502 candles ingested
2025-11-10 01:23:13,655 - INFO - Snapshot ingestion complete
2025-11-10 07:00:01,109 - INFO - Ingesting 18 sector ETFs...
2025-11-10 07:00:05,426 - INFO - ✓ SPY: 501 candles ingested
2025-11-10 07:00:09,581 - INFO - ✓ QQQ: 501 candles ingested
2025-11-10 07:00:14,228 - INFO - ✓ IWM: 501 candles ingested
2025-11-10 07:00:19,038 - INFO - ✓ DIA: 501 candles ingested
2025-11-10 07:00:20,493 - INFO - ✓ GLD: 501 candles ingested
2025-11-10 07:00:21,687 - INFO - ✓ SLV: 501 candles ingested
2025-11-10 07:00:22,724 - INFO - ✓ VXX: 501 candles ingested
2025-11-10 07:00:27,873 - INFO - ✓ XLP: 501 candles ingested
2025-11-10 07:00:32,362 - INFO - ✓ XLB: 501 candles ingested
2025-11-10 07:00:36,561 - INFO - ✓ XLV: 501 candles ingested
2025-11-10 07:00:40,477 - INFO - ✓ XLRE: 501 candles ingested
2025-11-10 07:00:44,701 - INFO - ✓ XLK: 501 candles ingested
2025-11-10 07:00:49,105 - INFO - ✓ XLF: 501 candles ingested
2025-11-10 07:00:53,989 - INFO - ✓ XLI: 501 candles ingested
2025-11-10 07:00:58,591 - INFO - ✓ XLY: 501 candles ingested
2025-11-10 07:01:03,190 - INFO - ✓ XLC: 501 candles ingested
2025-11-10 07:01:07,276 - INFO - ✓ XLU: 501 candles ingested
2025-11-10 07:01:12,000 - INFO - ✓ XME: 501 candles ingested
2025-11-10 07:01:12,044 - INFO - Snapshot ingestion complete
2025-11-10 07:24:43,023 - INFO - Ingesting 18 sector ETFs...
2025-11-10 07:24:48,201 - INFO - ✓ SPY: 501 candles ingested
2025-11-10 07:24:53,067 - INFO - ✓ QQQ: 501 candles ingested
2025-11-10 07:24:57,375 - INFO - ✓ IWM: 501 candles ingested
2025-11-10 07:25:01,890 - INFO - ✓ DIA: 501 candles ingested
2025-11-10 07:25:03,264 - INFO - ✓ GLD: 501 candles ingested
2025-11-10 07:25:04,427 - INFO - ✓ SLV: 501 candles ingested
2025-11-10 07:25:05,504 - INFO - ✓ VXX: 501 candles ingested
2025-11-10 07:25:10,198 - INFO - ✓ XLP: 501 candles ingested
2025-11-10 07:25:15,031 - INFO - ✓ XLB: 501 candles ingested
2025-11-10 07:25:20,134 - INFO - ✓ XLV: 501 candles ingested
2025-11-10 07:25:24,628 - INFO - ✓ XLRE: 501 candles ingested
2025-11-10 07:25:29,727 - INFO - ✓ XLK: 501 candles ingested
2025-11-10 07:25:34,209 - INFO - ✓ XLF: 501 candles ingested
2025-11-10 07:25:38,541 - INFO - ✓ XLI: 501 candles ingested
2025-11-10 07:25:43,102 - INFO - ✓ XLY: 501 candles ingested
2025-11-10 07:25:47,909 - INFO - ✓ XLC: 501 candles ingested
2025-11-10 07:25:52,633 - INFO - ✓ XLU: 501 candles ingested
2025-11-10 07:25:56,594 - INFO - ✓ XME: 501 candles ingested
2025-11-10 07:25:56,641 - INFO - Snapshot ingestion complete
2025-11-10 07:26:05,466 - INFO - Ingesting 18 sector ETFs...
2025-11-10 07:26:10,197 - INFO - ✓ SPY: 501 candles ingested
2025-11-10 07:26:14,839 - INFO - ✓ QQQ: 501 candles ingested
2025-11-10 07:26:19,422 - INFO - ✓ IWM: 501 candles ingested
2025-11-10 07:26:23,913 - INFO - ✓ DIA: 501 candles ingested
2025-11-10 07:26:25,265 - INFO - ✓ GLD: 501 candles ingested
2025-11-10 07:26:26,364 - INFO - ✓ SLV: 501 candles ingested
2025-11-10 07:26:27,480 - INFO - ✓ VXX: 501 candles ingested
2025-11-10 07:26:31,876 - INFO - ✓ XLP: 501 candles ingested
2025-11-10 07:26:35,944 - INFO - ✓ XLB: 501 candles ingested
2025-11-10 07:26:40,265 - INFO - ✓ XLV: 501 candles ingested
2025-11-10 07:26:44,459 - INFO - ✓ XLRE: 501 candles ingested
2025-11-10 07:26:48,984 - INFO - ✓ XLK: 501 candles ingested
2025-11-10 07:26:53,683 - INFO - ✓ XLF: 501 candles ingested
2025-11-10 07:26:57,700 - INFO - ✓ XLI: 501 candles ingested
2025-11-10 07:27:01,941 - INFO - ✓ XLY: 501 candles ingested
2025-11-10 07:27:06,157 - INFO - ✓ XLC: 501 candles ingested
2025-11-10 07:27:10,557 - INFO - ✓ XLU: 501 candles ingested
2025-11-10 07:27:14,744 - INFO - ✓ XME: 501 candles ingested
2025-11-10 07:27:14,783 - INFO - Snapshot ingestion complete
2025-11-10 08:30:00,700 - INFO - Ingesting 18 sector ETFs...
2025-11-10 08:30:05,139 - INFO - ✓ SPY: 501 candles ingested
2025-11-10 08:30:09,728 - INFO - ✓ QQQ: 501 candles ingested
2025-11-10 08:30:14,548 - INFO - ✓ IWM: 501 candles ingested
2025-11-10 08:30:19,055 - INFO - ✓ DIA: 501 candles ingested
2025-11-10 08:30:20,316 - INFO - ✓ GLD: 501 candles ingested
2025-11-10 08:30:21,255 - INFO - ✓ SLV: 501 candles ingested
2025-11-10 08:30:22,375 - INFO - ✓ VXX: 501 candles ingested
2025-11-10 08:30:26,705 - INFO - ✓ XLP: 501 candles ingested
2025-11-10 08:30:31,028 - INFO - ✓ XLB: 501 candles ingested
2025-11-10 08:30:35,816 - INFO - ✓ XLV: 501 candles ingested
2025-11-10 08:30:40,040 - INFO - ✓ XLRE: 501 candles ingested
2025-11-10 08:30:44,468 - INFO - ✓ XLK: 501 candles ingested
2025-11-10 08:30:49,146 - INFO - ✓ XLF: 501 candles ingested
2025-11-10 08:30:53,255 - INFO - ✓ XLI: 501 candles ingested
2025-11-10 08:30:58,156 - INFO - ✓ XLY: 501 candles ingested
2025-11-10 08:31:02,582 - INFO - ✓ XLC: 501 candles ingested
2025-11-10 08:31:07,223 - INFO - ✓ XLU: 501 candles ingested
2025-11-10 08:31:11,911 - INFO - ✓ XME: 501 candles ingested
2025-11-10 08:31:11,936 - INFO - Snapshot ingestion complete
2025-11-10 10:30:00,479 - INFO - Ingesting 18 sector ETFs...
2025-11-10 10:30:10,260 - INFO - ✓ SPY: 501 candles ingested
2025-11-10 10:30:17,266 - INFO - ✓ QQQ: 501 candles ingested
2025-11-10 10:30:26,471 - INFO - ✓ IWM: 501 candles ingested
2025-11-10 10:30:35,019 - INFO - ✓ DIA: 501 candles ingested
2025-11-10 10:30:37,196 - INFO - ✓ GLD: 501 candles ingested
2025-11-10 10:30:40,137 - INFO - ✓ SLV: 501 candles ingested
2025-11-10 10:30:42,506 - INFO - ✓ VXX: 501 candles ingested
2025-11-10 10:30:50,080 - INFO - ✓ XLP: 501 candles ingested
2025-11-10 10:30:57,910 - INFO - ✓ XLB: 501 candles ingested
2025-11-10 10:31:04,809 - INFO - ✓ XLV: 501 candles ingested
2025-11-10 10:31:12,537 - INFO - ✓ XLRE: 501 candles ingested
2025-11-10 10:31:19,496 - INFO - ✓ XLK: 501 candles ingested
2025-11-10 10:31:27,048 - INFO - ✓ XLF: 501 candles ingested
2025-11-10 10:31:34,416 - INFO - ✓ XLI: 501 candles ingested
2025-11-10 10:31:41,637 - INFO - ✓ XLY: 501 candles ingested
2025-11-10 10:31:48,259 - INFO - ✓ XLC: 501 candles ingested
2025-11-10 10:31:53,871 - INFO - ✓ XLU: 501 candles ingested
2025-11-10 10:31:58,850 - INFO - ✓ XME: 501 candles ingested
2025-11-10 10:31:58,893 - INFO - Snapshot ingestion complete
2025-11-10 12:00:00,770 - INFO - Ingesting 18 sector ETFs...
2025-11-10 12:00:05,539 - INFO - ✓ SPY: 501 candles ingested
2025-11-10 12:00:10,396 - INFO - ✓ QQQ: 501 candles ingested
2025-11-10 12:00:15,253 - INFO - ✓ IWM: 501 candles ingested
2025-11-10 12:00:19,599 - INFO - ✓ DIA: 501 candles ingested
2025-11-10 12:00:21,096 - INFO - ✓ GLD: 501 candles ingested
2025-11-10 12:00:22,303 - INFO - ✓ SLV: 501 candles ingested
2025-11-10 12:00:23,502 - INFO - ✓ VXX: 501 candles ingested
2025-11-10 12:00:28,129 - INFO - ✓ XLP: 501 candles ingested
2025-11-10 12:00:32,773 - INFO - ✓ XLB: 501 candles ingested
2025-11-10 12:00:37,310 - INFO - ✓ XLV: 501 candles ingested
2025-11-10 12:00:41,503 - INFO - ✓ XLRE: 501 candles ingested
2025-11-10 12:00:46,388 - INFO - ✓ XLK: 501 candles ingested
2025-11-10 12:00:51,215 - INFO - ✓ XLF: 501 candles ingested
2025-11-10 12:00:55,981 - INFO - ✓ XLI: 501 candles ingested
2025-11-10 12:01:00,989 - INFO - ✓ XLY: 501 candles ingested
2025-11-10 12:01:05,368 - INFO - ✓ XLC: 501 candles ingested
2025-11-10 12:01:09,531 - INFO - ✓ XLU: 501 candles ingested
2025-11-10 12:01:13,845 - INFO - ✓ XME: 501 candles ingested
2025-11-10 12:01:13,879 - INFO - Snapshot ingestion complete
2025-11-10 12:30:00,441 - INFO - Ingesting 18 sector ETFs...
2025-11-10 12:30:05,879 - INFO - ✓ SPY: 501 candles ingested
2025-11-10 12:30:11,063 - INFO - ✓ QQQ: 501 candles ingested
2025-11-10 12:30:15,998 - INFO - ✓ IWM: 501 candles ingested
2025-11-10 12:30:22,252 - INFO - ✓ DIA: 501 candles ingested
2025-11-10 12:30:24,686 - INFO - ✓ GLD: 501 candles ingested
2025-11-10 12:30:26,981 - INFO - ✓ SLV: 501 candles ingested
2025-11-10 12:30:29,697 - INFO - ✓ VXX: 501 candles ingested
2025-11-10 12:30:35,221 - INFO - ✓ XLP: 501 candles ingested
2025-11-10 12:30:40,254 - INFO - ✓ XLB: 501 candles ingested
2025-11-10 12:30:45,030 - INFO - ✓ XLV: 501 candles ingested
2025-11-10 12:30:49,058 - INFO - ✓ XLRE: 501 candles ingested
2025-11-10 12:30:53,323 - INFO - ✓ XLK: 501 candles ingested
2025-11-10 12:30:57,714 - INFO - ✓ XLF: 501 candles ingested
2025-11-10 12:31:02,257 - INFO - ✓ XLI: 501 candles ingested
2025-11-10 12:31:06,845 - INFO - ✓ XLY: 501 candles ingested
2025-11-10 12:31:11,449 - INFO - ✓ XLC: 501 candles ingested
2025-11-10 12:31:15,454 - INFO - ✓ XLU: 501 candles ingested
2025-11-10 12:31:19,674 - INFO - ✓ XME: 501 candles ingested
2025-11-10 12:31:19,705 - INFO - Snapshot ingestion complete
2025-11-10 13:00:01,050 - INFO - Ingesting 18 sector ETFs...
2025-11-10 13:00:05,391 - INFO - ✓ SPY: 500 candles ingested
2025-11-10 13:00:10,128 - INFO - ✓ QQQ: 500 candles ingested
2025-11-10 13:00:15,284 - INFO - ✓ IWM: 500 candles ingested
2025-11-10 13:00:21,106 - INFO - ✓ DIA: 500 candles ingested
2025-11-10 13:00:23,196 - INFO - ✓ GLD: 500 candles ingested
2025-11-10 13:00:25,640 - INFO - ✓ SLV: 500 candles ingested
2025-11-10 13:00:27,401 - INFO - ✓ VXX: 500 candles ingested
2025-11-10 13:00:32,063 - INFO - ✓ XLP: 500 candles ingested
2025-11-10 13:00:37,576 - INFO - ✓ XLB: 500 candles ingested
2025-11-10 13:00:41,669 - INFO - ✓ XLV: 500 candles ingested
2025-11-10 13:00:45,591 - INFO - ✓ XLRE: 500 candles ingested
2025-11-10 13:00:49,676 - INFO - ✓ XLK: 500 candles ingested
2025-11-10 13:00:53,870 - INFO - ✓ XLF: 500 candles ingested
2025-11-10 13:00:58,198 - INFO - ✓ XLI: 500 candles ingested
2025-11-10 13:01:02,652 - INFO - ✓ XLY: 500 candles ingested
2025-11-10 13:01:06,436 - INFO - ✓ XLC: 500 candles ingested
2025-11-10 13:01:10,474 - INFO - ✓ XLU: 500 candles ingested
2025-11-10 13:01:14,439 - INFO - ✓ XME: 500 candles ingested
2025-11-10 13:01:14,481 - INFO - Snapshot ingestion complete
2025-11-11 07:00:01,083 - INFO - Ingesting 18 sector ETFs...
2025-11-11 07:00:07,036 - INFO - ✓ SPY: 501 candles ingested
2025-11-11 07:00:13,069 - INFO - ✓ QQQ: 501 candles ingested
2025-11-11 07:00:18,009 - INFO - ✓ IWM: 501 candles ingested
2025-11-11 07:00:22,899 - INFO - ✓ DIA: 501 candles ingested
2025-11-11 07:00:24,939 - INFO - ✓ GLD: 501 candles ingested
2025-11-11 07:00:30,158 - INFO - ✓ SLV: 501 candles ingested
2025-11-11 07:00:34,835 - INFO - ✓ VXX: 501 candles ingested
2025-11-11 07:00:39,296 - INFO - ✓ XLP: 501 candles ingested
2025-11-11 07:00:44,117 - INFO - ✓ XLB: 501 candles ingested
2025-11-11 07:00:49,039 - INFO - ✓ XLV: 501 candles ingested
2025-11-11 07:00:54,867 - INFO - ✓ XLRE: 501 candles ingested
2025-11-11 07:01:00,515 - INFO - ✓ XLK: 501 candles ingested
2025-11-11 07:01:05,334 - INFO - ✓ XLF: 501 candles ingested
2025-11-11 07:01:10,447 - INFO - ✓ XLI: 501 candles ingested
2025-11-11 07:01:15,097 - INFO - ✓ XLY: 501 candles ingested
2025-11-11 07:01:20,206 - INFO - ✓ XLC: 501 candles ingested
2025-11-11 07:01:25,067 - INFO - ✓ XLU: 501 candles ingested
2025-11-11 07:01:29,858 - INFO - ✓ XME: 501 candles ingested
2025-11-11 07:01:29,910 - INFO - Snapshot ingestion complete
2025-11-11 08:30:00,928 - INFO - Ingesting 18 sector ETFs...
2025-11-11 08:30:05,120 - INFO - ✓ SPY: 501 candles ingested
2025-11-11 08:30:09,224 - INFO - ✓ QQQ: 501 candles ingested
2025-11-11 08:30:13,314 - INFO - ✓ IWM: 501 candles ingested
2025-11-11 08:30:17,055 - INFO - ✓ DIA: 501 candles ingested
2025-11-11 08:30:18,306 - INFO - ✓ GLD: 501 candles ingested
2025-11-11 08:30:19,395 - INFO - ✓ SLV: 501 candles ingested
2025-11-11 08:30:20,482 - INFO - ✓ VXX: 501 candles ingested
2025-11-11 08:30:24,455 - INFO - ✓ XLP: 501 candles ingested
2025-11-11 08:30:28,651 - INFO - ✓ XLB: 501 candles ingested
2025-11-11 08:30:32,934 - INFO - ✓ XLV: 501 candles ingested
2025-11-11 08:30:37,309 - INFO - ✓ XLRE: 501 candles ingested
2025-11-11 08:30:41,667 - INFO - ✓ XLK: 501 candles ingested
2025-11-11 08:30:45,820 - INFO - ✓ XLF: 501 candles ingested
2025-11-11 08:30:49,493 - INFO - ✓ XLI: 501 candles ingested
2025-11-11 08:30:53,320 - INFO - ✓ XLY: 501 candles ingested
2025-11-11 08:30:57,442 - INFO - ✓ XLC: 501 candles ingested
2025-11-11 08:31:01,616 - INFO - ✓ XLU: 501 candles ingested
2025-11-11 08:31:06,033 - INFO - ✓ XME: 501 candles ingested
2025-11-11 08:31:06,074 - INFO - Snapshot ingestion complete
2025-11-11 10:30:00,449 - INFO - Ingesting 18 sector ETFs...
2025-11-11 10:30:04,674 - INFO - ✓ SPY: 501 candles ingested
2025-11-11 10:30:08,893 - INFO - ✓ QQQ: 501 candles ingested
2025-11-11 10:30:12,689 - INFO - ✓ IWM: 501 candles ingested
2025-11-11 10:30:16,908 - INFO - ✓ DIA: 501 candles ingested
2025-11-11 10:30:18,172 - INFO - ✓ GLD: 501 candles ingested
2025-11-11 10:30:19,224 - INFO - ✓ SLV: 501 candles ingested
2025-11-11 10:30:20,309 - INFO - ✓ VXX: 501 candles ingested
2025-11-11 10:30:24,432 - INFO - ✓ XLP: 501 candles ingested
2025-11-11 10:30:28,650 - INFO - ✓ XLB: 501 candles ingested
2025-11-11 10:30:32,892 - INFO - ✓ XLV: 501 candles ingested
2025-11-11 10:30:37,218 - INFO - ✓ XLRE: 501 candles ingested
2025-11-11 10:30:41,459 - INFO - ✓ XLK: 501 candles ingested
2025-11-11 10:30:45,886 - INFO - ✓ XLF: 501 candles ingested
2025-11-11 10:30:49,863 - INFO - ✓ XLI: 501 candles ingested
2025-11-11 10:30:53,878 - INFO - ✓ XLY: 501 candles ingested
2025-11-11 10:30:58,054 - INFO - ✓ XLC: 501 candles ingested
2025-11-11 10:31:02,052 - INFO - ✓ XLU: 501 candles ingested
2025-11-11 10:31:06,460 - INFO - ✓ XME: 501 candles ingested
2025-11-11 10:31:06,481 - INFO - Snapshot ingestion complete
2025-11-11 12:00:01,066 - INFO - Ingesting 18 sector ETFs...
2025-11-11 12:00:06,558 - INFO - ✓ SPY: 501 candles ingested
2025-11-11 12:00:10,794 - INFO - ✓ QQQ: 501 candles ingested
2025-11-11 12:00:14,636 - INFO - ✓ IWM: 501 candles ingested
2025-11-11 12:00:18,717 - INFO - ✓ DIA: 501 candles ingested
2025-11-11 12:00:20,099 - INFO - ✓ GLD: 501 candles ingested
2025-11-11 12:00:21,234 - INFO - ✓ SLV: 501 candles ingested
2025-11-11 12:00:22,324 - INFO - ✓ VXX: 501 candles ingested
2025-11-11 12:00:25,950 - INFO - ✓ XLP: 501 candles ingested
2025-11-11 12:00:31,008 - INFO - ✓ XLB: 501 candles ingested
2025-11-11 12:00:35,523 - INFO - ✓ XLV: 501 candles ingested
2025-11-11 12:00:40,495 - INFO - ✓ XLRE: 501 candles ingested
2025-11-11 12:00:44,725 - INFO - ✓ XLK: 501 candles ingested
2025-11-11 12:00:49,546 - INFO - ✓ XLF: 501 candles ingested
2025-11-11 12:00:54,901 - INFO - ✓ XLI: 501 candles ingested
2025-11-11 12:01:00,302 - INFO - ✓ XLY: 501 candles ingested
2025-11-11 12:01:04,661 - INFO - ✓ XLC: 501 candles ingested
2025-11-11 12:01:08,913 - INFO - ✓ XLU: 501 candles ingested
2025-11-11 12:01:12,790 - INFO - ✓ XME: 501 candles ingested
2025-11-11 12:01:12,816 - INFO - Snapshot ingestion complete
2025-11-11 12:30:01,056 - INFO - Ingesting 18 sector ETFs...
2025-11-11 12:30:05,464 - INFO - ✓ SPY: 501 candles ingested
2025-11-11 12:30:09,567 - INFO - ✓ QQQ: 501 candles ingested
2025-11-11 12:30:13,620 - INFO - ✓ IWM: 501 candles ingested
2025-11-11 12:30:17,805 - INFO - ✓ DIA: 501 candles ingested
2025-11-11 12:30:19,169 - INFO - ✓ GLD: 501 candles ingested
2025-11-11 12:30:20,237 - INFO - ✓ SLV: 501 candles ingested
2025-11-11 12:30:21,326 - INFO - ✓ VXX: 501 candles ingested
2025-11-11 12:30:25,739 - INFO - ✓ XLP: 501 candles ingested
2025-11-11 12:30:30,176 - INFO - ✓ XLB: 501 candles ingested
2025-11-11 12:30:34,559 - INFO - ✓ XLV: 501 candles ingested
2025-11-11 12:30:38,926 - INFO - ✓ XLRE: 501 candles ingested
2025-11-11 12:30:42,934 - INFO - ✓ XLK: 501 candles ingested
2025-11-11 12:30:46,736 - INFO - ✓ XLF: 501 candles ingested
2025-11-11 12:30:51,008 - INFO - ✓ XLI: 501 candles ingested
2025-11-11 12:30:55,337 - INFO - ✓ XLY: 501 candles ingested
2025-11-11 12:30:59,261 - INFO - ✓ XLC: 501 candles ingested
2025-11-11 12:31:03,739 - INFO - ✓ XLU: 501 candles ingested
2025-11-11 12:31:07,591 - INFO - ✓ XME: 501 candles ingested
2025-11-11 12:31:07,627 - INFO - Snapshot ingestion complete
2025-11-11 13:00:00,901 - INFO - Ingesting 18 sector ETFs...
2025-11-11 13:00:05,084 - INFO - ✓ SPY: 501 candles ingested
2025-11-11 13:00:09,046 - INFO - ✓ QQQ: 501 candles ingested
2025-11-11 13:00:12,936 - INFO - ✓ IWM: 501 candles ingested
2025-11-11 13:00:16,734 - INFO - ✓ DIA: 501 candles ingested
2025-11-11 13:00:18,122 - INFO - ✓ GLD: 501 candles ingested
2025-11-11 13:00:19,248 - INFO - ✓ SLV: 501 candles ingested
2025-11-11 13:00:20,427 - INFO - ✓ VXX: 501 candles ingested
2025-11-11 13:00:24,401 - INFO - ✓ XLP: 501 candles ingested
2025-11-11 13:00:28,794 - INFO - ✓ XLB: 501 candles ingested
2025-11-11 13:00:32,795 - INFO - ✓ XLV: 501 candles ingested
2025-11-11 13:00:37,125 - INFO - ✓ XLRE: 501 candles ingested
2025-11-11 13:00:40,776 - INFO - ✓ XLK: 501 candles ingested
2025-11-11 13:00:44,822 - INFO - ✓ XLF: 501 candles ingested
2025-11-11 13:00:49,015 - INFO - ✓ XLI: 501 candles ingested
2025-11-11 13:00:52,841 - INFO - ✓ XLY: 501 candles ingested
2025-11-11 13:00:57,178 - INFO - ✓ XLC: 501 candles ingested
2025-11-11 13:01:01,172 - INFO - ✓ XLU: 501 candles ingested
2025-11-11 13:01:05,521 - INFO - ✓ XME: 501 candles ingested
2025-11-11 13:01:05,542 - INFO - Snapshot ingestion complete
2025-11-11 16:30:40,612 - INFO - Ingesting 18 sector ETFs...
2025-11-11 16:30:44,969 - INFO - ✓ SPY: 501 candles ingested
2025-11-11 16:30:49,126 - INFO - ✓ QQQ: 501 candles ingested
2025-11-11 16:30:52,881 - INFO - ✓ IWM: 501 candles ingested
2025-11-11 16:30:57,114 - INFO - ✓ DIA: 501 candles ingested
2025-11-11 16:30:58,526 - INFO - ✓ GLD: 501 candles ingested
2025-11-11 16:30:59,715 - INFO - ✓ SLV: 501 candles ingested
2025-11-11 16:31:00,866 - INFO - ✓ VXX: 501 candles ingested
2025-11-11 16:31:05,695 - INFO - ✓ XLP: 501 candles ingested
2025-11-11 16:31:10,136 - INFO - ✓ XLB: 501 candles ingested
2025-11-11 16:31:14,616 - INFO - ✓ XLV: 501 candles ingested
2025-11-11 16:31:19,032 - INFO - ✓ XLRE: 501 candles ingested
2025-11-11 16:31:23,115 - INFO - ✓ XLK: 501 candles ingested
2025-11-11 16:31:27,466 - INFO - ✓ XLF: 501 candles ingested
2025-11-11 16:31:31,390 - INFO - ✓ XLI: 501 candles ingested
2025-11-11 16:31:36,095 - INFO - ✓ XLY: 501 candles ingested
2025-11-11 16:31:40,868 - INFO - ✓ XLC: 501 candles ingested
2025-11-11 16:31:43,069 - INFO - ✓ XLU: 501 candles ingested
2025-11-11 16:31:47,359 - INFO - ✓ XME: 501 candles ingested
2025-11-11 16:31:47,385 - INFO - Snapshot ingestion complete
2025-11-11 16:47:06,872 - INFO - Ingesting 18 sector ETFs...
2025-11-11 16:47:16,335 - INFO - ✓ SPY: 501 candles ingested
2025-11-11 16:47:20,174 - INFO - ✓ QQQ: 501 candles ingested
2025-11-11 16:47:24,360 - INFO - ✓ IWM: 501 candles ingested
2025-11-11 16:47:28,570 - INFO - ✓ DIA: 501 candles ingested
2025-11-11 16:47:30,070 - INFO - ✓ GLD: 501 candles ingested
2025-11-11 16:47:31,071 - INFO - ✓ SLV: 501 candles ingested
2025-11-11 16:47:32,272 - INFO - ✓ VXX: 501 candles ingested
2025-11-11 16:47:36,603 - INFO - ✓ XLP: 501 candles ingested
2025-11-11 16:47:41,060 - INFO - ✓ XLB: 501 candles ingested
2025-11-11 16:47:45,197 - INFO - ✓ XLV: 501 candles ingested
2025-11-11 16:47:49,253 - INFO - ✓ XLRE: 501 candles ingested
2025-11-11 16:47:53,357 - INFO - ✓ XLK: 501 candles ingested
2025-11-11 16:47:57,884 - INFO - ✓ XLF: 501 candles ingested
2025-11-11 16:48:01,970 - INFO - ✓ XLI: 501 candles ingested
2025-11-11 16:48:06,347 - INFO - ✓ XLY: 501 candles ingested
2025-11-11 16:48:10,397 - INFO - ✓ XLC: 501 candles ingested
2025-11-11 16:48:14,400 - INFO - ✓ XLU: 501 candles ingested
2025-11-11 16:48:18,617 - INFO - ✓ XME: 501 candles ingested
2025-11-11 16:48:18,657 - INFO - Snapshot ingestion complete
